{"contracts/lottery.sol":{"l":{"77":3,"78":3,"79":3,"80":3,"81":3,"82":3,"83":3,"84":3,"90":5,"91":1,"93":4,"94":1,"96":3,"99":3,"121":1,"124":1,"127":1,"130":1,"133":1,"141":1,"142":1,"143":0,"150":1,"151":1,"158":1,"166":0,"167":0,"168":0,"169":0,"172":0,"173":0,"174":0,"177":0,"180":0,"181":0,"186":5,"190":1,"194":0,"198":1,"202":0,"206":0,"210":0,"214":0,"218":5},"path":"/home/mightguy/hh-1/hardhat-smartcontract-lottery/contracts/lottery.sol","s":{"1":5,"2":4,"3":3,"4":3,"5":1,"6":1,"7":1,"8":1,"9":1,"10":1,"11":1,"12":1,"13":0,"14":0,"15":0,"16":0,"17":0,"18":5,"19":1,"20":0,"21":1,"22":0,"23":0,"24":0,"25":0,"26":5},"b":{"1":[1,4],"2":[1,3],"3":[0,1],"4":[0,0]},"f":{"1":3,"2":5,"3":1,"4":1,"5":0,"6":5,"7":1,"8":0,"9":1,"10":0,"11":0,"12":0,"13":0,"14":5},"fnMap":{"1":{"name":"constructor","line":76,"loc":{"start":{"line":69,"column":4},"end":{"line":85,"column":4}}},"2":{"name":"enterLottery","line":88,"loc":{"start":{"line":88,"column":4},"end":{"line":100,"column":4}}},"3":{"name":"checkUpkeep","line":113,"loc":{"start":{"line":113,"column":4},"end":{"line":134,"column":4}}},"4":{"name":"performUpkeep","line":140,"loc":{"start":{"line":140,"column":4},"end":{"line":159,"column":4}}},"5":{"name":"fulfillRandomWords","line":162,"loc":{"start":{"line":162,"column":4},"end":{"line":182,"column":4}}},"6":{"name":"getEntranceFee","line":185,"loc":{"start":{"line":185,"column":4},"end":{"line":187,"column":4}}},"7":{"name":"getPlayers","line":189,"loc":{"start":{"line":189,"column":4},"end":{"line":191,"column":4}}},"8":{"name":"getRecentWinner","line":193,"loc":{"start":{"line":193,"column":4},"end":{"line":195,"column":4}}},"9":{"name":"getLotteryState","line":197,"loc":{"start":{"line":197,"column":4},"end":{"line":199,"column":4}}},"10":{"name":"getNumWords","line":201,"loc":{"start":{"line":201,"column":4},"end":{"line":203,"column":4}}},"11":{"name":"getNumberOfPlayers","line":205,"loc":{"start":{"line":205,"column":4},"end":{"line":207,"column":4}}},"12":{"name":"getLatestTimeStamp","line":209,"loc":{"start":{"line":209,"column":4},"end":{"line":211,"column":4}}},"13":{"name":"getRequestConfirmations","line":213,"loc":{"start":{"line":213,"column":4},"end":{"line":215,"column":4}}},"14":{"name":"getInterval","line":217,"loc":{"start":{"line":217,"column":4},"end":{"line":219,"column":4}}}},"statementMap":{"1":{"start":{"line":90,"column":8},"end":{"line":90,"column":3630}},"2":{"start":{"line":93,"column":8},"end":{"line":93,"column":3732}},"3":{"start":{"line":96,"column":8},"end":{"line":96,"column":42}},"4":{"start":{"line":99,"column":8},"end":{"line":99,"column":37}},"5":{"start":{"line":121,"column":8},"end":{"line":121,"column":59}},"6":{"start":{"line":124,"column":8},"end":{"line":124,"column":76}},"7":{"start":{"line":127,"column":8},"end":{"line":127,"column":48}},"8":{"start":{"line":130,"column":8},"end":{"line":130,"column":53}},"9":{"start":{"line":141,"column":8},"end":{"line":141,"column":47}},"10":{"start":{"line":142,"column":8},"end":{"line":142,"column":5769}},"11":{"start":{"line":151,"column":8},"end":{"line":151,"column":6064}},"12":{"start":{"line":158,"column":8},"end":{"line":158,"column":46}},"13":{"start":{"line":166,"column":8},"end":{"line":166,"column":65}},"14":{"start":{"line":167,"column":8},"end":{"line":167,"column":63}},"15":{"start":{"line":172,"column":8},"end":{"line":172,"column":78}},"16":{"start":{"line":173,"column":8},"end":{"line":173,"column":7385}},"17":{"start":{"line":177,"column":8},"end":{"line":177,"column":39}},"18":{"start":{"line":186,"column":8},"end":{"line":186,"column":28}},"19":{"start":{"line":190,"column":8},"end":{"line":190,"column":31}},"20":{"start":{"line":194,"column":8},"end":{"line":194,"column":29}},"21":{"start":{"line":198,"column":8},"end":{"line":198,"column":29}},"22":{"start":{"line":202,"column":8},"end":{"line":202,"column":24}},"23":{"start":{"line":206,"column":8},"end":{"line":206,"column":31}},"24":{"start":{"line":210,"column":8},"end":{"line":210,"column":30}},"25":{"start":{"line":214,"column":8},"end":{"line":214,"column":36}},"26":{"start":{"line":218,"column":8},"end":{"line":218,"column":25}}},"branchMap":{"1":{"line":90,"type":"if","locations":[{"start":{"line":90,"column":8},"end":{"line":90,"column":8}},{"start":{"line":90,"column":8},"end":{"line":90,"column":8}}]},"2":{"line":93,"type":"if","locations":[{"start":{"line":93,"column":8},"end":{"line":93,"column":8}},{"start":{"line":93,"column":8},"end":{"line":93,"column":8}}]},"3":{"line":142,"type":"if","locations":[{"start":{"line":142,"column":8},"end":{"line":142,"column":8}},{"start":{"line":142,"column":8},"end":{"line":142,"column":8}}]},"4":{"line":173,"type":"if","locations":[{"start":{"line":173,"column":8},"end":{"line":173,"column":8}},{"start":{"line":173,"column":8},"end":{"line":173,"column":8}}]}}},"contracts/test/VRFCoordinatorV2Mock.sol":{"l":{},"path":"/home/mightguy/hh-1/hardhat-smartcontract-lottery/contracts/test/VRFCoordinatorV2Mock.sol","s":{},"b":{},"f":{},"fnMap":{},"statementMap":{},"branchMap":{}}}