TN:
SF:/home/mightguy/hh-1/hardhat-smartcontract-lottery/contracts/lottery.sol
FN:76,constructor
FN:88,enterLottery
FN:113,checkUpkeep
FN:140,performUpkeep
FN:162,fulfillRandomWords
FN:185,getEntranceFee
FN:189,getPlayers
FN:193,getRecentWinner
FN:197,getLotteryState
FN:201,getNumWords
FN:205,getNumberOfPlayers
FN:209,getLatestTimeStamp
FN:213,getRequestConfirmations
FN:217,getInterval
FNF:14
FNH:8
FNDA:3,constructor
FNDA:5,enterLottery
FNDA:1,checkUpkeep
FNDA:1,performUpkeep
FNDA:0,fulfillRandomWords
FNDA:5,getEntranceFee
FNDA:1,getPlayers
FNDA:0,getRecentWinner
FNDA:1,getLotteryState
FNDA:0,getNumWords
FNDA:0,getNumberOfPlayers
FNDA:0,getLatestTimeStamp
FNDA:0,getRequestConfirmations
FNDA:5,getInterval
DA:77,3
DA:78,3
DA:79,3
DA:80,3
DA:81,3
DA:82,3
DA:83,3
DA:84,3
DA:90,5
DA:91,1
DA:93,4
DA:94,1
DA:96,3
DA:99,3
DA:121,1
DA:124,1
DA:127,1
DA:130,1
DA:133,1
DA:141,1
DA:142,1
DA:143,0
DA:150,1
DA:151,1
DA:158,1
DA:166,0
DA:167,0
DA:168,0
DA:169,0
DA:172,0
DA:173,0
DA:174,0
DA:177,0
DA:180,0
DA:181,0
DA:186,5
DA:190,1
DA:194,0
DA:198,1
DA:202,0
DA:206,0
DA:210,0
DA:214,0
DA:218,5
LF:44
LH:28
BRDA:90,1,0,1
BRDA:90,1,1,4
BRDA:93,2,0,1
BRDA:93,2,1,3
BRDA:142,3,0,0
BRDA:142,3,1,1
BRDA:173,4,0,0
BRDA:173,4,1,0
BRF:8
BRH:5
end_of_record
TN:
SF:/home/mightguy/hh-1/hardhat-smartcontract-lottery/contracts/test/VRFCoordinatorV2Mock.sol
FNF:0
FNH:0
LF:0
LH:0
BRF:0
BRH:0
end_of_record
